[debug] [2019-12-08T16:49:26.539Z] ----------------------------------------------------------------------
[debug] [2019-12-08T16:49:26.541Z] Command:       C:\Program Files\nodejs\node.exe C:\Users\PC\AppData\Roaming\npm\node_modules\firebase-tools\lib\bin\firebase.js init
[debug] [2019-12-08T16:49:26.542Z] CLI Version:   7.2.2
[debug] [2019-12-08T16:49:26.542Z] Platform:      win32
[debug] [2019-12-08T16:49:26.542Z] Node Version:  v10.16.0
[debug] [2019-12-08T16:49:26.543Z] Time:          Sun Dec 08 2019 17:49:26 GMT+0100 (GMT+01:00)
[debug] [2019-12-08T16:49:26.543Z] ----------------------------------------------------------------------
[debug] 
[debug] [2019-12-08T16:49:26.555Z] > command requires scopes: ["email","openid","https://www.googleapis.com/auth/cloudplatformprojects.readonly","https://www.googleapis.com/auth/firebase","https://www.googleapis.com/auth/cloud-platform"]
[debug] [2019-12-08T16:49:26.555Z] > authorizing via signed-in user
[info] 
     ######## #### ########  ######## ########     ###     ######  ########
     ##        ##  ##     ## ##       ##     ##  ##   ##  ##       ##
     ######    ##  ########  ######   ########  #########  ######  ######
     ##        ##  ##    ##  ##       ##     ## ##     ##       ## ##
     ##       #### ##     ## ######## ########  ##     ##  ######  ########

You're about to initialize a Firebase project in this directory:

  C:\Users\PC\Documents\Projet ARA - Copie

Before we get started, keep in mind:

  * You are initializing in an existing Firebase project directory

[debug] [2019-12-08T16:49:55.331Z] Error: kill ENOSYS
    at process.kill (internal/process/per_thread.js:198:13)
    at process.listener (C:\Users\PC\AppData\Roaming\npm\node_modules\firebase-tools\node_modules\signal-exit\index.js:95:15)
    at process.emit (events.js:198:13)
[error] 
[error] Error: An unexpected error has occurred.
